[debug] [2025-11-14T00:24:13.036Z] ----------------------------------------------------------------------
[debug] [2025-11-14T00:24:13.039Z] Command:       C:\Program Files\nodejs\node.exe C:\Users\rohan\AppData\Roaming\npm\node_modules\firebase-tools\lib\bin\firebase.js init
[debug] [2025-11-14T00:24:13.040Z] CLI Version:   14.25.0
[debug] [2025-11-14T00:24:13.040Z] Platform:      win32
[debug] [2025-11-14T00:24:13.040Z] Node Version:  v22.19.0
[debug] [2025-11-14T00:24:13.041Z] Time:          Fri Nov 14 2025 00:24:13 GMT+0000 (Greenwich Mean Time)
[debug] [2025-11-14T00:24:13.041Z] ----------------------------------------------------------------------
[debug] 
[info] 
     ######## #### ########  ######## ########     ###     ######  ########
     ##        ##  ##     ## ##       ##     ##  ##   ##  ##       ##
     ######    ##  ########  ######   ########  #########  ######  ######
     ##        ##  ##    ##  ##       ##     ## ##     ##       ## ##
     ##       #### ##     ## ######## ########  ##     ##  ######  ########

You're about to initialize a Firebase project in this directory:

  C:\Users\rohan\Desktop\Babylon Assessment

[info] 
=== Project Setup
[info] 
[info] First, let's associate this project directory with a Firebase project.
[info] You can create multiple project aliases by running firebase use --add, 
[info] 
[debug] [2025-11-14T00:24:37.459Z] > command requires scopes: ["email","openid","https://www.googleapis.com/auth/cloudplatformprojects.readonly","https://www.googleapis.com/auth/firebase","https://www.googleapis.com/auth/cloud-platform"]
[debug] [2025-11-14T00:24:37.460Z] > authorizing via signed-in user (rohanhandore021@gmail.com)
[debug] [2025-11-14T00:24:37.462Z] Checked if tokens are valid: false, expires at: 1763077491078
[debug] [2025-11-14T00:24:37.463Z] Checked if tokens are valid: false, expires at: 1763077491078
[debug] [2025-11-14T00:24:37.463Z] > refreshing access token with scopes: []
[debug] [2025-11-14T00:24:37.466Z] >>> [apiv2][query] POST https://www.googleapis.com/oauth2/v3/token [none]
[debug] [2025-11-14T00:24:37.466Z] >>> [apiv2][body] POST https://www.googleapis.com/oauth2/v3/token [omitted]
[debug] [2025-11-14T00:24:37.819Z] <<< [apiv2][status] POST https://www.googleapis.com/oauth2/v3/token 200
[debug] [2025-11-14T00:24:37.819Z] <<< [apiv2][body] POST https://www.googleapis.com/oauth2/v3/token [omitted]
[debug] [2025-11-14T00:24:37.837Z] >>> [apiv2][query] GET https://firebase.googleapis.com/v1beta1/projects/babylon-assessment-a415d [none]
[debug] [2025-11-14T00:24:38.166Z] <<< [apiv2][status] GET https://firebase.googleapis.com/v1beta1/projects/babylon-assessment-a415d 200
[debug] [2025-11-14T00:24:38.166Z] <<< [apiv2][body] GET https://firebase.googleapis.com/v1beta1/projects/babylon-assessment-a415d {"projectId":"babylon-assessment-a415d","projectNumber":"535027505548","displayName":"babylon-assessment","name":"projects/babylon-assessment-a415d","resources":{"hostingSite":"babylon-assessment-a415d"},"state":"ACTIVE","etag":"1_c753d3e2-6c84-4808-9caa-f7ee33699d78"}
[info] i  Using project babylon-assessment-a415d (babylon-assessment) . 
[info] 
=== App Hosting Setup
[debug] [2025-11-14T00:24:38.192Z] Checked if tokens are valid: true, expires at: 1763083476819
[debug] [2025-11-14T00:24:38.193Z] Checked if tokens are valid: true, expires at: 1763083476819
[debug] [2025-11-14T00:24:38.193Z] >>> [apiv2][query] GET https://cloudbilling.googleapis.com/v1/projects/babylon-assessment-a415d/billingInfo [none]
[debug] [2025-11-14T00:24:39.147Z] <<< [apiv2][status] GET https://cloudbilling.googleapis.com/v1/projects/babylon-assessment-a415d/billingInfo 200
[debug] [2025-11-14T00:24:39.147Z] <<< [apiv2][body] GET https://cloudbilling.googleapis.com/v1/projects/babylon-assessment-a415d/billingInfo {"name":"projects/babylon-assessment-a415d/billingInfo","projectId":"babylon-assessment-a415d","billingAccountName":"billingAccounts/0107A9-1DA36C-33E37C","billingEnabled":true}
[debug] [2025-11-14T00:24:39.149Z] Checked if tokens are valid: true, expires at: 1763083476819
[debug] [2025-11-14T00:24:39.149Z] Checked if tokens are valid: true, expires at: 1763083476819
[debug] [2025-11-14T00:24:39.150Z] >>> [apiv2][query] GET https://serviceusage.googleapis.com/v1/projects/babylon-assessment-a415d/services/firebaseapphosting.googleapis.com [none]
[debug] [2025-11-14T00:24:39.150Z] >>> [apiv2][(partial)header] GET https://serviceusage.googleapis.com/v1/projects/babylon-assessment-a415d/services/firebaseapphosting.googleapis.com x-goog-quota-user=projects/babylon-assessment-a415d
[debug] [2025-11-14T00:24:40.223Z] <<< [apiv2][status] GET https://serviceusage.googleapis.com/v1/projects/babylon-assessment-a415d/services/firebaseapphosting.googleapis.com 200
[debug] [2025-11-14T00:24:40.223Z] <<< [apiv2][body] GET https://serviceusage.googleapis.com/v1/projects/babylon-assessment-a415d/services/firebaseapphosting.googleapis.com [omitted]
[debug] [2025-11-14T00:24:40.224Z] Checked if tokens are valid: true, expires at: 1763083476819
[debug] [2025-11-14T00:24:40.224Z] Checked if tokens are valid: true, expires at: 1763083476819
[debug] [2025-11-14T00:24:40.224Z] >>> [apiv2][query] POST https://serviceusage.googleapis.com/v1/projects/babylon-assessment-a415d/services/firebaseapphosting.googleapis.com:enable [none]
[debug] [2025-11-14T00:24:40.225Z] >>> [apiv2][(partial)header] POST https://serviceusage.googleapis.com/v1/projects/babylon-assessment-a415d/services/firebaseapphosting.googleapis.com:enable x-goog-quota-user=projects/babylon-assessment-a415d
[debug] [2025-11-14T00:24:41.603Z] <<< [apiv2][status] POST https://serviceusage.googleapis.com/v1/projects/babylon-assessment-a415d/services/firebaseapphosting.googleapis.com:enable 200
[debug] [2025-11-14T00:24:41.603Z] <<< [apiv2][body] POST https://serviceusage.googleapis.com/v1/projects/babylon-assessment-a415d/services/firebaseapphosting.googleapis.com:enable [omitted]
[debug] [2025-11-14T00:24:51.625Z] Checked if tokens are valid: true, expires at: 1763083476819
[debug] [2025-11-14T00:24:51.626Z] Checked if tokens are valid: true, expires at: 1763083476819
[debug] [2025-11-14T00:24:51.626Z] Checked if tokens are valid: true, expires at: 1763083476819
[debug] [2025-11-14T00:24:51.627Z] Checked if tokens are valid: true, expires at: 1763083476819
[debug] [2025-11-14T00:24:51.627Z] Checked if tokens are valid: true, expires at: 1763083476819
[debug] [2025-11-14T00:24:51.627Z] Checked if tokens are valid: true, expires at: 1763083476819
[debug] [2025-11-14T00:24:51.628Z] Checked if tokens are valid: true, expires at: 1763083476819
[debug] [2025-11-14T00:24:51.628Z] Checked if tokens are valid: true, expires at: 1763083476819
[debug] [2025-11-14T00:24:51.628Z] Checked if tokens are valid: true, expires at: 1763083476819
[debug] [2025-11-14T00:24:51.628Z] Checked if tokens are valid: true, expires at: 1763083476819
[debug] [2025-11-14T00:24:51.629Z] Checked if tokens are valid: true, expires at: 1763083476819
[debug] [2025-11-14T00:24:51.629Z] Checked if tokens are valid: true, expires at: 1763083476819
[debug] [2025-11-14T00:24:51.629Z] >>> [apiv2][query] GET https://serviceusage.googleapis.com/v1/projects/babylon-assessment-a415d/services/developerconnect.googleapis.com [none]
[debug] [2025-11-14T00:24:51.629Z] >>> [apiv2][(partial)header] GET https://serviceusage.googleapis.com/v1/projects/babylon-assessment-a415d/services/developerconnect.googleapis.com x-goog-quota-user=projects/babylon-assessment-a415d
[debug] [2025-11-14T00:24:51.632Z] >>> [apiv2][query] GET https://serviceusage.googleapis.com/v1/projects/babylon-assessment-a415d/services/cloudbuild.googleapis.com [none]
[debug] [2025-11-14T00:24:51.632Z] >>> [apiv2][(partial)header] GET https://serviceusage.googleapis.com/v1/projects/babylon-assessment-a415d/services/cloudbuild.googleapis.com x-goog-quota-user=projects/babylon-assessment-a415d
[debug] [2025-11-14T00:24:51.636Z] >>> [apiv2][query] GET https://serviceusage.googleapis.com/v1/projects/babylon-assessment-a415d/services/secretmanager.googleapis.com [none]
[debug] [2025-11-14T00:24:51.636Z] >>> [apiv2][(partial)header] GET https://serviceusage.googleapis.com/v1/projects/babylon-assessment-a415d/services/secretmanager.googleapis.com x-goog-quota-user=projects/babylon-assessment-a415d
[debug] [2025-11-14T00:24:51.641Z] >>> [apiv2][query] GET https://serviceusage.googleapis.com/v1/projects/babylon-assessment-a415d/services/run.googleapis.com [none]
[debug] [2025-11-14T00:24:51.641Z] >>> [apiv2][(partial)header] GET https://serviceusage.googleapis.com/v1/projects/babylon-assessment-a415d/services/run.googleapis.com x-goog-quota-user=projects/babylon-assessment-a415d
[debug] [2025-11-14T00:24:51.643Z] >>> [apiv2][query] GET https://serviceusage.googleapis.com/v1/projects/babylon-assessment-a415d/services/artifactregistry.googleapis.com [none]
[debug] [2025-11-14T00:24:51.643Z] >>> [apiv2][(partial)header] GET https://serviceusage.googleapis.com/v1/projects/babylon-assessment-a415d/services/artifactregistry.googleapis.com x-goog-quota-user=projects/babylon-assessment-a415d
[debug] [2025-11-14T00:24:51.645Z] >>> [apiv2][query] GET https://serviceusage.googleapis.com/v1/projects/babylon-assessment-a415d/services/iam.googleapis.com [none]
[debug] [2025-11-14T00:24:51.645Z] >>> [apiv2][(partial)header] GET https://serviceusage.googleapis.com/v1/projects/babylon-assessment-a415d/services/iam.googleapis.com x-goog-quota-user=projects/babylon-assessment-a415d
[debug] [2025-11-14T00:24:52.674Z] <<< [apiv2][status] GET https://serviceusage.googleapis.com/v1/projects/babylon-assessment-a415d/services/secretmanager.googleapis.com 200
[debug] [2025-11-14T00:24:52.674Z] <<< [apiv2][body] GET https://serviceusage.googleapis.com/v1/projects/babylon-assessment-a415d/services/secretmanager.googleapis.com [omitted]
[debug] [2025-11-14T00:24:52.689Z] <<< [apiv2][status] GET https://serviceusage.googleapis.com/v1/projects/babylon-assessment-a415d/services/run.googleapis.com 200
[debug] [2025-11-14T00:24:52.689Z] <<< [apiv2][body] GET https://serviceusage.googleapis.com/v1/projects/babylon-assessment-a415d/services/run.googleapis.com [omitted]
[debug] [2025-11-14T00:24:52.694Z] <<< [apiv2][status] GET https://serviceusage.googleapis.com/v1/projects/babylon-assessment-a415d/services/developerconnect.googleapis.com 200
[debug] [2025-11-14T00:24:52.694Z] <<< [apiv2][body] GET https://serviceusage.googleapis.com/v1/projects/babylon-assessment-a415d/services/developerconnect.googleapis.com [omitted]
[debug] [2025-11-14T00:24:52.695Z] Checked if tokens are valid: true, expires at: 1763083476819
[debug] [2025-11-14T00:24:52.695Z] Checked if tokens are valid: true, expires at: 1763083476819
[debug] [2025-11-14T00:24:52.695Z] >>> [apiv2][query] POST https://serviceusage.googleapis.com/v1/projects/babylon-assessment-a415d/services/developerconnect.googleapis.com:enable [none]
[debug] [2025-11-14T00:24:52.695Z] >>> [apiv2][(partial)header] POST https://serviceusage.googleapis.com/v1/projects/babylon-assessment-a415d/services/developerconnect.googleapis.com:enable x-goog-quota-user=projects/babylon-assessment-a415d
[debug] [2025-11-14T00:24:52.698Z] <<< [apiv2][status] GET https://serviceusage.googleapis.com/v1/projects/babylon-assessment-a415d/services/cloudbuild.googleapis.com 200
[debug] [2025-11-14T00:24:52.698Z] <<< [apiv2][body] GET https://serviceusage.googleapis.com/v1/projects/babylon-assessment-a415d/services/cloudbuild.googleapis.com [omitted]
[debug] [2025-11-14T00:24:52.713Z] <<< [apiv2][status] GET https://serviceusage.googleapis.com/v1/projects/babylon-assessment-a415d/services/iam.googleapis.com 200
[debug] [2025-11-14T00:24:52.713Z] <<< [apiv2][body] GET https://serviceusage.googleapis.com/v1/projects/babylon-assessment-a415d/services/iam.googleapis.com [omitted]
[debug] [2025-11-14T00:24:52.731Z] <<< [apiv2][status] GET https://serviceusage.googleapis.com/v1/projects/babylon-assessment-a415d/services/artifactregistry.googleapis.com 200
[debug] [2025-11-14T00:24:52.731Z] <<< [apiv2][body] GET https://serviceusage.googleapis.com/v1/projects/babylon-assessment-a415d/services/artifactregistry.googleapis.com [omitted]
[debug] [2025-11-14T00:24:53.894Z] <<< [apiv2][status] POST https://serviceusage.googleapis.com/v1/projects/babylon-assessment-a415d/services/developerconnect.googleapis.com:enable 200
[debug] [2025-11-14T00:24:53.895Z] <<< [apiv2][body] POST https://serviceusage.googleapis.com/v1/projects/babylon-assessment-a415d/services/developerconnect.googleapis.com:enable [omitted]
[debug] [2025-11-14T00:25:03.920Z] Checked if tokens are valid: true, expires at: 1763083476819
[debug] [2025-11-14T00:25:03.920Z] Checked if tokens are valid: true, expires at: 1763083476819
[debug] [2025-11-14T00:25:03.920Z] >>> [apiv2][query] POST https://iam.googleapis.com/v1/projects/babylon-assessment-a415d/serviceAccounts/firebase-app-hosting-compute@babylon-assessment-a415d.iam.gserviceaccount.com:testIamPermissions [none]
[debug] [2025-11-14T00:25:03.920Z] >>> [apiv2][(partial)header] POST https://iam.googleapis.com/v1/projects/babylon-assessment-a415d/serviceAccounts/firebase-app-hosting-compute@babylon-assessment-a415d.iam.gserviceaccount.com:testIamPermissions x-goog-quota-user=projects/babylon-assessment-a415d
[debug] [2025-11-14T00:25:03.920Z] >>> [apiv2][body] POST https://iam.googleapis.com/v1/projects/babylon-assessment-a415d/serviceAccounts/firebase-app-hosting-compute@babylon-assessment-a415d.iam.gserviceaccount.com:testIamPermissions {"permissions":["iam.serviceAccounts.actAs"]}
[debug] [2025-11-14T00:25:04.754Z] <<< [apiv2][status] POST https://iam.googleapis.com/v1/projects/babylon-assessment-a415d/serviceAccounts/firebase-app-hosting-compute@babylon-assessment-a415d.iam.gserviceaccount.com:testIamPermissions 404
[debug] [2025-11-14T00:25:04.754Z] <<< [apiv2][body] POST https://iam.googleapis.com/v1/projects/babylon-assessment-a415d/serviceAccounts/firebase-app-hosting-compute@babylon-assessment-a415d.iam.gserviceaccount.com:testIamPermissions {"error":{"code":404,"message":"Unknown service account","status":"NOT_FOUND"}}
[debug] [2025-11-14T00:25:04.755Z] Checked if tokens are valid: true, expires at: 1763083476819
[debug] [2025-11-14T00:25:04.755Z] Checked if tokens are valid: true, expires at: 1763083476819
[debug] [2025-11-14T00:25:04.756Z] >>> [apiv2][query] POST https://iam.googleapis.com/v1/projects/babylon-assessment-a415d/serviceAccounts [none]
[debug] [2025-11-14T00:25:04.756Z] >>> [apiv2][body] POST https://iam.googleapis.com/v1/projects/babylon-assessment-a415d/serviceAccounts {"accountId":"firebase-app-hosting-compute","serviceAccount":{"displayName":"Firebase App Hosting compute service account","description":"Default service account used to run builds and deploys for Firebase App Hosting"}}
[debug] [2025-11-14T00:25:05.467Z] <<< [apiv2][status] POST https://iam.googleapis.com/v1/projects/babylon-assessment-a415d/serviceAccounts 200
[debug] [2025-11-14T00:25:05.468Z] <<< [apiv2][body] POST https://iam.googleapis.com/v1/projects/babylon-assessment-a415d/serviceAccounts [omitted]
[debug] [2025-11-14T00:25:05.468Z] Checked if tokens are valid: true, expires at: 1763083476819
[debug] [2025-11-14T00:25:05.468Z] Checked if tokens are valid: true, expires at: 1763083476819
[debug] [2025-11-14T00:25:05.469Z] >>> [apiv2][query] POST https://cloudresourcemanager.googleapis.com/v1/projects/babylon-assessment-a415d:getIamPolicy [none]
[debug] [2025-11-14T00:25:06.287Z] <<< [apiv2][status] POST https://cloudresourcemanager.googleapis.com/v1/projects/babylon-assessment-a415d:getIamPolicy 200
[debug] [2025-11-14T00:25:06.288Z] <<< [apiv2][body] POST https://cloudresourcemanager.googleapis.com/v1/projects/babylon-assessment-a415d:getIamPolicy {"version":1,"etag":"BwZDgwZkVsU=","bindings":[{"role":"roles/cloudbuild.builds.builder","members":["serviceAccount:535027505548@cloudbuild.gserviceaccount.com"]},{"role":"roles/cloudbuild.serviceAgent","members":["serviceAccount:service-535027505548@gcp-sa-cloudbuild.iam.gserviceaccount.com"]},{"role":"roles/containerregistry.ServiceAgent","members":["serviceAccount:service-535027505548@containerregistry.iam.gserviceaccount.com"]},{"role":"roles/editor","members":["serviceAccount:535027505548-compute@developer.gserviceaccount.com"]},{"role":"roles/firebase.managementServiceAgent","members":["serviceAccount:service-535027505548@gcp-sa-firebase.iam.gserviceaccount.com"]},{"role":"roles/firebase.sdkAdminServiceAgent","members":["serviceAccount:firebase-adminsdk-fbsvc@babylon-assessment-a415d.iam.gserviceaccount.com"]},{"role":"roles/firebaseauth.admin","members":["serviceAccount:firebase-adminsdk-fbsvc@babylon-assessment-a415d.iam.gserviceaccount.com"]},{"role":"roles/firebaserules.system","members":["serviceAccount:service-535027505548@firebase-rules.iam.gserviceaccount.com"]},{"role":"roles/firestore.serviceAgent","members":["serviceAccount:service-535027505548@gcp-sa-firestore.iam.gserviceaccount.com"]},{"role":"roles/iam.serviceAccountTokenCreator","members":["serviceAccount:firebase-adminsdk-fbsvc@babylon-assessment-a415d.iam.gserviceaccount.com"]},{"role":"roles/owner","members":["user:rohanhandore021@gmail.com"]},{"role":"roles/run.serviceAgent","members":["serviceAccount:service-535027505548@serverless-robot-prod.iam.gserviceaccount.com"]}]}
[debug] [2025-11-14T00:25:06.289Z] Checked if tokens are valid: true, expires at: 1763083476819
[debug] [2025-11-14T00:25:06.289Z] Checked if tokens are valid: true, expires at: 1763083476819
[debug] [2025-11-14T00:25:06.289Z] >>> [apiv2][query] POST https://cloudresourcemanager.googleapis.com/v1/projects/babylon-assessment-a415d:setIamPolicy [none]
[debug] [2025-11-14T00:25:06.289Z] >>> [apiv2][body] POST https://cloudresourcemanager.googleapis.com/v1/projects/babylon-assessment-a415d:setIamPolicy {"policy":{"version":1,"etag":"BwZDgwZkVsU=","bindings":[{"role":"roles/cloudbuild.builds.builder","members":["serviceAccount:535027505548@cloudbuild.gserviceaccount.com"]},{"role":"roles/cloudbuild.serviceAgent","members":["serviceAccount:service-535027505548@gcp-sa-cloudbuild.iam.gserviceaccount.com"]},{"role":"roles/containerregistry.ServiceAgent","members":["serviceAccount:service-535027505548@containerregistry.iam.gserviceaccount.com"]},{"role":"roles/editor","members":["serviceAccount:535027505548-compute@developer.gserviceaccount.com"]},{"role":"roles/firebase.managementServiceAgent","members":["serviceAccount:service-535027505548@gcp-sa-firebase.iam.gserviceaccount.com"]},{"role":"roles/firebase.sdkAdminServiceAgent","members":["serviceAccount:firebase-adminsdk-fbsvc@babylon-assessment-a415d.iam.gserviceaccount.com","serviceAccount:firebase-app-hosting-compute@babylon-assessment-a415d.iam.gserviceaccount.com"]},{"role":"roles/firebaseauth.admin","members":["serviceAccount:firebase-adminsdk-fbsvc@babylon-assessment-a415d.iam.gserviceaccount.com"]},{"role":"roles/firebaserules.system","members":["serviceAccount:service-535027505548@firebase-rules.iam.gserviceaccount.com"]},{"role":"roles/firestore.serviceAgent","members":["serviceAccount:service-535027505548@gcp-sa-firestore.iam.gserviceaccount.com"]},{"role":"roles/iam.serviceAccountTokenCreator","members":["serviceAccount:firebase-adminsdk-fbsvc@babylon-assessment-a415d.iam.gserviceaccount.com"]},{"role":"roles/owner","members":["user:rohanhandore021@gmail.com"]},{"role":"roles/run.serviceAgent","members":["serviceAccount:service-535027505548@serverless-robot-prod.iam.gserviceaccount.com"]},{"role":"roles/firebaseapphosting.computeRunner","members":["serviceAccount:firebase-app-hosting-compute@babylon-assessment-a415d.iam.gserviceaccount.com"]},{"role":"roles/developerconnect.readTokenAccessor","members":["serviceAccount:firebase-app-hosting-compute@babylon-assessment-a415d.iam.gserviceaccount.com"]},{"role":"roles/storage.objectViewer","members":["serviceAccount:firebase-app-hosting-compute@babylon-assessment-a415d.iam.gserviceaccount.com"]}]},"updateMask":"bindings"}
[debug] [2025-11-14T00:25:07.331Z] <<< [apiv2][status] POST https://cloudresourcemanager.googleapis.com/v1/projects/babylon-assessment-a415d:setIamPolicy 200
[debug] [2025-11-14T00:25:07.332Z] <<< [apiv2][body] POST https://cloudresourcemanager.googleapis.com/v1/projects/babylon-assessment-a415d:setIamPolicy {"version":1,"etag":"BwZDgweXyAE=","bindings":[{"role":"roles/cloudbuild.builds.builder","members":["serviceAccount:535027505548@cloudbuild.gserviceaccount.com"]},{"role":"roles/cloudbuild.serviceAgent","members":["serviceAccount:service-535027505548@gcp-sa-cloudbuild.iam.gserviceaccount.com"]},{"role":"roles/containerregistry.ServiceAgent","members":["serviceAccount:service-535027505548@containerregistry.iam.gserviceaccount.com"]},{"role":"roles/developerconnect.readTokenAccessor","members":["serviceAccount:firebase-app-hosting-compute@babylon-assessment-a415d.iam.gserviceaccount.com"]},{"role":"roles/editor","members":["serviceAccount:535027505548-compute@developer.gserviceaccount.com"]},{"role":"roles/firebase.managementServiceAgent","members":["serviceAccount:service-535027505548@gcp-sa-firebase.iam.gserviceaccount.com"]},{"role":"roles/firebase.sdkAdminServiceAgent","members":["serviceAccount:firebase-adminsdk-fbsvc@babylon-assessment-a415d.iam.gserviceaccount.com","serviceAccount:firebase-app-hosting-compute@babylon-assessment-a415d.iam.gserviceaccount.com"]},{"role":"roles/firebaseapphosting.computeRunner","members":["serviceAccount:firebase-app-hosting-compute@babylon-assessment-a415d.iam.gserviceaccount.com"]},{"role":"roles/firebaseauth.admin","members":["serviceAccount:firebase-adminsdk-fbsvc@babylon-assessment-a415d.iam.gserviceaccount.com"]},{"role":"roles/firebaserules.system","members":["serviceAccount:service-535027505548@firebase-rules.iam.gserviceaccount.com"]},{"role":"roles/firestore.serviceAgent","members":["serviceAccount:service-535027505548@gcp-sa-firestore.iam.gserviceaccount.com"]},{"role":"roles/iam.serviceAccountTokenCreator","members":["serviceAccount:firebase-adminsdk-fbsvc@babylon-assessment-a415d.iam.gserviceaccount.com"]},{"role":"roles/owner","members":["user:rohanhandore021@gmail.com"]},{"role":"roles/run.serviceAgent","members":["serviceAccount:service-535027505548@serverless-robot-prod.iam.gserviceaccount.com"]},{"role":"roles/storage.objectViewer","members":["serviceAccount:firebase-app-hosting-compute@babylon-assessment-a415d.iam.gserviceaccount.com"]}]}
[info] i  This command links your local project to Firebase App Hosting. You will be able to deploy your web app with `firebase deploy` after setup. 
[debug] [2025-11-14T00:25:07.358Z] Checked if tokens are valid: true, expires at: 1763083476819
[debug] [2025-11-14T00:25:07.358Z] Checked if tokens are valid: true, expires at: 1763083476819
[debug] [2025-11-14T00:25:07.359Z] >>> [apiv2][query] GET https://firebaseapphosting.googleapis.com/v1beta/projects/babylon-assessment-a415d/locations/-/backends 
[debug] [2025-11-14T00:25:08.429Z] <<< [apiv2][status] GET https://firebaseapphosting.googleapis.com/v1beta/projects/babylon-assessment-a415d/locations/-/backends 200
[debug] [2025-11-14T00:25:08.430Z] <<< [apiv2][body] GET https://firebaseapphosting.googleapis.com/v1beta/projects/babylon-assessment-a415d/locations/-/backends {}
[debug] [2025-11-14T00:26:43.003Z] ExitPromptError: User force closed the prompt with SIGINT
    at Interface.sigint (C:\Users\rohan\AppData\Roaming\npm\node_modules\firebase-tools\node_modules\@inquirer\core\dist\commonjs\lib\create-prompt.js:101:37)
    at Interface.emit (node:events:519:28)
    at Interface.emit (node:domain:489:12)
    at [_ttyWrite] [as _ttyWrite] (node:internal/readline/interface:1132:18)
    at ReadStream.onkeypress (node:internal/readline/interface:271:20)
    at ReadStream.emit (node:events:531:35)
    at ReadStream.emit (node:domain:489:12)
    at emitKeys (node:internal/readline/utils:370:14)
    at emitKeys.next (<anonymous>)
    at ReadStream.onData (node:internal/readline/emitKeypressEvents:64:36)
[error] 
[error] Error: An unexpected error has occurred.
